<?xml version="1.0" encoding="UTF-8"?>
<testng-results ignored="0" total="1" passed="1" failed="0" skipped="0">
  <reporter-output>
  </reporter-output>
  <suite started-at="2020-01-29T22:23:07 EST" name="Selenium Hybrid Framework" finished-at="2020-01-29T22:23:18 EST" duration-ms="10857">
    <groups>
    </groups>
    <test started-at="2020-01-29T22:23:07 EST" name="Login Test" finished-at="2020-01-29T22:23:18 EST" duration-ms="10857">
      <class name="com.test.Cases.TC_LoginTest">
        <test-method is-config="true" signature="openBrowser(java.lang.String)[pri:0, instance:com.test.Cases.TC_LoginTest@fdefd3f]" started-at="2020-01-29T22:23:07 EST" name="openBrowser" finished-at="2020-01-29T22:23:12 EST" duration-ms="5091" status="PASS">
          <params>
            <param index="0">
              <value>
                <![CDATA[chrome]]>
              </value>
            </param>
          </params>
          <reporter-output>
          </reporter-output>
        </test-method> <!-- openBrowser -->
        <test-method signature="loginTest()[pri:0, instance:com.test.Cases.TC_LoginTest@fdefd3f]" started-at="2020-01-29T22:23:12 EST" name="loginTest" finished-at="2020-01-29T22:23:14 EST" duration-ms="1475" status="PASS">
          <reporter-output>
          </reporter-output>
        </test-method> <!-- loginTest -->
        <test-method is-config="true" signature="closeBrowser()[pri:0, instance:com.test.Cases.TC_LoginTest@fdefd3f]" started-at="2020-01-29T22:23:14 EST" name="closeBrowser" finished-at="2020-01-29T22:23:18 EST" duration-ms="4102" status="PASS">
          <reporter-output>
          </reporter-output>
        </test-method> <!-- closeBrowser -->
      </class> <!-- com.test.Cases.TC_LoginTest -->
    </test> <!-- Login Test -->
  </suite> <!-- Selenium Hybrid Framework -->
</testng-results>
